Start testing: Jun 25 16:56 E. Europe Daylight Time
----------------------------------------------------------
25/25 Testing: TPMS.Test_Demo_ReceiveMessage_Positive
25/25 Test: TPMS.Test_Demo_ReceiveMessage_Positive
Command: "C:/diplomna/TPMS/build/test/components/TPMSTest.exe" "--gtest_filter=TPMS.Test_Demo_ReceiveMessage_Positive" "--gtest_also_run_disabled_tests" "--gtest_output=xml:C:/diplomna/TPMS/build/report.xml"
Directory: C:/diplomna/TPMS/build
"TPMS.Test_Demo_ReceiveMessage_Positive" start time: Jun 25 16:56 E. Europe Daylight Time
Output:
----------------------------------------------------------
Running main() from C:/diplomna/TPMS/googletest/googletest/src/gtest_main.cc
Note: Google Test filter = TPMS.Test_Demo_ReceiveMessage_Positive
[==========] Running 1 test from 1 test suite.
[----------] Global test environment set-up.
[----------] 1 test from TPMS
[ RUN      ] TPMS.Test_Demo_ReceiveMessage_Positive

GMOCK WARNING:
Uninteresting mock function call - taking default action specified at:
C:/diplomna/TPMS/test/components/TPMSTests.cpp:794:
    Function call: E2E_P01Check(0xd7f2ff, 0xd7f2ff, 0x525799)
          Returns: '\0'
NOTE: You can safely ignore the above warning unless this call should not happen.  Do not suppress it by blindly adding an EXPECT_CALL() if you don't mean to enforce the call.  See https://github.com/google/googletest/blob/main/docs/gmock_cook_book.md#knowing-when-to-expect-useoncall for details.

GMOCK WARNING:
Uninteresting mock function call - taking default action specified at:
C:/diplomna/TPMS/test/components/TPMSTests.cpp:794:
    Function call: E2E_P01Check(0xd7f2ff, 0xd7f2ff, 0x525799)
          Returns: '\0'
NOTE: You can safely ignore the above warning unless this call should not happen.  Do not suppress it by blindly adding an EXPECT_CALL() if you don't mean to enforce the call.  See https://github.com/google/googletest/blob/main/docs/gmock_cook_book.md#knowing-when-to-expect-useoncall for details.

GMOCK WARNING:
Uninteresting mock function call - taking default action specified at:
C:/diplomna/TPMS/test/components/TPMSTests.cpp:794:
    Function call: E2E_P01Check(0xd7f2ff, 0xd7f2ff, 0x525799)
          Returns: '\0'
NOTE: You can safely ignore the above warning unless this call should not happen.  Do not suppress it by blindly adding an EXPECT_CALL() if you don't mean to enforce the call.  See https://github.com/google/googletest/blob/main/docs/gmock_cook_book.md#knowing-when-to-expect-useoncall for details.

GMOCK WARNING:
Uninteresting mock function call - taking default action specified at:
C:/diplomna/TPMS/test/components/TPMSTests.cpp:794:
    Function call: E2E_P01Check(0xd7f2ff, 0xd7f2ff, 0x525799)
          Returns: '\0'
NOTE: You can safely ignore the above warning unless this call should not happen.  Do not suppress it by blindly adding an EXPECT_CALL() if you don't mean to enforce the call.  See https://github.com/google/googletest/blob/main/docs/gmock_cook_book.md#knowing-when-to-expect-useoncall for details.

GMOCK WARNING:
Uninteresting mock function call - taking default action specified at:
C:/diplomna/TPMS/test/components/TPMSTests.cpp:794:
    Function call: E2E_P01Check(0xd7f2ff, 0xd7f2ff, 0x525799)
          Returns: '\0'
NOTE: You can safely ignore the above warning unless this call should not happen.  Do not suppress it by blindly adding an EXPECT_CALL() if you don't mean to enforce the call.  See https://github.com/google/googletest/blob/main/docs/gmock_cook_book.md#knowing-when-to-expect-useoncall for details.
[       OK ] TPMS.Test_Demo_ReceiveMessage_Positive (1 ms)
[----------] 1 test from TPMS (1 ms total)

[----------] Global test environment tear-down
[==========] 1 test from 1 test suite ran. (1 ms total)
[  PASSED  ] 1 test.
<end of output>
Test time =   0.24 sec
----------------------------------------------------------
Test Passed.
"TPMS.Test_Demo_ReceiveMessage_Positive" end time: Jun 25 16:56 E. Europe Daylight Time
"TPMS.Test_Demo_ReceiveMessage_Positive" time elapsed: 00:00:00
----------------------------------------------------------

End testing: Jun 25 16:56 E. Europe Daylight Time
