<?xml version="1.0" encoding="UTF-8"?>
<Site BuildName="(empty)"
	BuildStamp="20240608-0000-Experimental"
	Name="(empty)"
	Generator="ctest-3.29.3"
	CompilerName=""
	CompilerVersion=""
	OSName="Windows"
	Hostname="SF4-C-000K7"
	OSRelease=" Professional"
	OSVersion=" (Build 19045)"
	OSPlatform="AMD64"
	Is64Bits="1"
	VendorString="GenuineIntel"
	VendorID="Intel Corporation"
	FamilyID="6"
	ModelID="12"
	ProcessorCacheSize="-1"
	NumberOfLogicalCPU="8"
	NumberOfPhysicalCPU="4"
	TotalVirtualMemory="38995"
	TotalPhysicalMemory="32471"
	LogicalProcessorsPerPhysical="2"
	ProcessorClockFrequency="2995"
	>
	<Testing>
		<StartDateTime>Jun 09 02:13 E. Europe Daylight Time</StartDateTime>
		<StartTestTime>1717888406</StartTestTime>
		<TestList>
			<Test>./SignalProcessor.Test_GetError_Positive</Test>
		</TestList>
		<Test Status="passed">
			<Name>SignalProcessor.Test_GetError_Positive</Name>
			<Path>.</Path>
			<FullName>./SignalProcessor.Test_GetError_Positive</FullName>
			<FullCommandLine>C:\diplomna\TPMS\build\test\components\TPMSTest.exe "--gtest_filter=SignalProcessor.Test_GetError_Positive" "--gtest_also_run_disabled_tests" "--gtest_output=xml:C:/diplomna/TPMS/build/report.xml"</FullCommandLine>
			<Results>
				<NamedMeasurement type="numeric/double" name="Execution Time">
					<Value>0.218151</Value>
				</NamedMeasurement>
				<NamedMeasurement type="numeric/double" name="Processors">
					<Value>1</Value>
				</NamedMeasurement>
				<NamedMeasurement type="text/string" name="Completion Status">
					<Value>Completed</Value>
				</NamedMeasurement>
				<NamedMeasurement type="text/string" name="Command Line">
					<Value>C:\diplomna\TPMS\build\test\components\TPMSTest.exe "--gtest_filter=SignalProcessor.Test_GetError_Positive" "--gtest_also_run_disabled_tests" "--gtest_output=xml:C:/diplomna/TPMS/build/report.xml"</Value>
				</NamedMeasurement>
				<NamedMeasurement type="text/string" name="Environment">
					<Value>#CTEST_RESOURCE_GROUP_COUNT=</Value>
				</NamedMeasurement>
				<Measurement>
					<Value encoding="base64" compression="gzip">eJyNUMtqw0AMvO9X6BgfbLfXQA6lDT6EpsZOT8aYraMsC2sp7Mrp79ePEJJAwXMamJE0mqInsmSg05ZWEZw8d/C+To/27LgjnR7yzzI1zMahYJB7GnybmpE143DStmrPgmvIJgscBgVO1gl62EBpDWmXe24xBPbJqDYZytZ79k3OwYq9oKo2N9RQXLO9gky7xmxXHnormKgqvqGGzPGPdrOOdLGeqUMavChxf34y3+98yqYqKL73MKFeHHz2w9du8QysXqAL0eJcsx+ERbtILftdUPv4yL/02Ox/jYLXlDzeGR7L38py+zGWMXsT9QeO0roD====</Value>
				</Measurement>
			</Results>
		</Test>
		<EndDateTime>Jun 09 02:13 E. Europe Daylight Time</EndDateTime>
		<EndTestTime>1717888406</EndTestTime>
		<ElapsedMinutes>0</ElapsedMinutes>
	</Testing>
</Site>
