<?xml version="1.0" encoding="UTF-8"?>
<testsuites tests="1" failures="0" disabled="0" errors="0" time="0.001" timestamp="2024-06-25T16:56:28.230" name="AllTests">
  <testsuite name="TPMS" tests="1" failures="0" disabled="0" skipped="0" errors="0" time="0.001" timestamp="2024-06-25T16:56:28.230">
    <testcase name="Test_Demo_ReceiveMessage_Positive" file="C:/diplomna/TPMS/test/components/TPMSTests.cpp" line="788" status="run" result="completed" time="0.001" timestamp="2024-06-25T16:56:28.230" classname="TPMS" />
  </testsuite>
</testsuites>
