<?xml version="1.0" encoding="UTF-8"?>
<testsuites tests="1" failures="0" disabled="0" errors="0" time="0." timestamp="2024-06-11T15:52:50.724" name="AllTests">
  <testsuite name="SignalProcessor" tests="1" failures="0" disabled="0" skipped="0" errors="0" time="0." timestamp="2024-06-11T15:52:50.724">
    <testcase name="Test_GetError_Positive" file="C:/diplomna/TPMS/test/components/TPMSTests.cpp" line="715" status="run" result="completed" time="0." timestamp="2024-06-11T15:52:50.724" classname="SignalProcessor" />
  </testsuite>
</testsuites>
