<?xml version="1.0" encoding="UTF-8"?>
<Site BuildName="(empty)"
	BuildStamp="20240619-1416-Experimental"
	Name="(empty)"
	Generator="ctest-3.29.3"
	CompilerName=""
	CompilerVersion=""
	OSName="Windows"
	Hostname="SF4-C-000K7"
	OSRelease=" Professional"
	OSVersion=" (Build 19045)"
	OSPlatform="AMD64"
	Is64Bits="1"
	VendorString="GenuineIntel"
	VendorID="Intel Corporation"
	FamilyID="6"
	ModelID="12"
	ProcessorCacheSize="-1"
	NumberOfLogicalCPU="8"
	NumberOfPhysicalCPU="4"
	TotalVirtualMemory="37335"
	TotalPhysicalMemory="32471"
	LogicalProcessorsPerPhysical="2"
	ProcessorClockFrequency="2995"
	>
	<Testing>
		<StartDateTime>Jun 19 21:05 E. Europe Daylight Time</StartDateTime>
		<StartTestTime>1718820341</StartTestTime>
		<TestList>
			<Test>./TPMS.Test_Demo_ReceiveMessage_Positive</Test>
		</TestList>
		<Test Status="passed">
			<Name>TPMS.Test_Demo_ReceiveMessage_Positive</Name>
			<Path>.</Path>
			<FullName>./TPMS.Test_Demo_ReceiveMessage_Positive</FullName>
			<FullCommandLine>C:\diplomna\TPMS\build\test\components\TPMSTest.exe "--gtest_filter=TPMS.Test_Demo_ReceiveMessage_Positive" "--gtest_also_run_disabled_tests" "--gtest_output=xml:C:/diplomna/TPMS/build/report.xml"</FullCommandLine>
			<Results>
				<NamedMeasurement type="numeric/double" name="Execution Time">
					<Value>0.165451</Value>
				</NamedMeasurement>
				<NamedMeasurement type="numeric/double" name="Processors">
					<Value>1</Value>
				</NamedMeasurement>
				<NamedMeasurement type="text/string" name="Completion Status">
					<Value>Completed</Value>
				</NamedMeasurement>
				<NamedMeasurement type="text/string" name="Command Line">
					<Value>C:\diplomna\TPMS\build\test\components\TPMSTest.exe "--gtest_filter=TPMS.Test_Demo_ReceiveMessage_Positive" "--gtest_also_run_disabled_tests" "--gtest_output=xml:C:/diplomna/TPMS/build/report.xml"</Value>
				</NamedMeasurement>
				<NamedMeasurement type="text/string" name="Environment">
					<Value>#CTEST_RESOURCE_GROUP_COUNT=</Value>
				</NamedMeasurement>
				<Measurement>
					<Value encoding="base64" compression="gzip">eJzFU1Fr2zAQfvevONhDW1jsNGyUGvpQ0iyMtWlIU7bRBSNLZ1tE1hlLStN/v5MTStjTXsbuwUi+0/d9p++0CtZqW0MrtD2/gKqnFqZ5pnRnqLUiWy8fnrKaqDbo0fnTpetlVsdVEQ+nUiYL8pjDfCiBNWeg0sZjDzcQcdL4q7jDlooVStQ7fEDnRI3Fkpz2vE9ebt5jA6ujtkvwA1bUdly7oD2mycvoPTYwN1QKc8ij3emebIuWa9GPQvdH8Slm1Ja8wOp5AUNs/lZtMn94nH6D77erxdfFPE+eWS63y+eGKyW5hSpY6TVZkMIYGEGPPvRDVworEYyHnTCBW4nEX06LczjyHdl7liHU8d/5eP95Mrm6vr5I4D1WA7bL4ezX+CxZPK5nOfykwGgWnKjQvIGuLfUIvkEQJe0QXsVBTbCGkTmh3UGqaygYBZY8NKLr0KYAdzTsXei6PlZrD+UblEZbxdhCqYjEZLMfy9l0XUxv7+95pnQFb6xCkT3z0CLnPbFBFfXyoCTyMfoTIjTedy7Pslr7JpSppPY4caeDV7LRWZy5TJF0WR0vupBE26LkT9qqD1tLr6xl9NqgHXka4b5DyVPgkOzQHZOzAV5o49J/beNsMiuW48tpg3LLvqmr6qqqPsLp6v95mab8MNaxshO9B6oGvOFtUPBd8IzquN2WCRQ4bdkzth33ElG5Q3HDV9UQE/Dpy/HkEw8FA6Sb5DefOnhM====</Value>
				</Measurement>
			</Results>
		</Test>
		<EndDateTime>Jun 19 21:05 E. Europe Daylight Time</EndDateTime>
		<EndTestTime>1718820341</EndTestTime>
		<ElapsedMinutes>0</ElapsedMinutes>
	</Testing>
</Site>
