<?xml version="1.0" encoding="UTF-8"?>
<Site BuildName="(empty)"
	BuildStamp="20240516-1723-Experimental"
	Name="(empty)"
	Generator="ctest-3.29.3"
	CompilerName=""
	CompilerVersion=""
	OSName="Windows"
	Hostname="SF4-C-000K7"
	OSRelease=" Professional"
	OSVersion=" (Build 19045)"
	OSPlatform="AMD64"
	Is64Bits="1"
	VendorString="GenuineIntel"
	VendorID="Intel Corporation"
	FamilyID="6"
	ModelID="12"
	ProcessorCacheSize="-1"
	NumberOfLogicalCPU="8"
	NumberOfPhysicalCPU="4"
	TotalVirtualMemory="37335"
	TotalPhysicalMemory="32471"
	LogicalProcessorsPerPhysical="2"
	ProcessorClockFrequency="2995"
	>
	<Testing>
		<StartDateTime>May 16 20:50 E. Europe Daylight Time</StartDateTime>
		<StartTestTime>1715881828</StartTestTime>
		<TestList>
			<Test>./test/TPMSTest</Test>
		</TestList>
		<Test Status="passed">
			<Name>TPMSTest</Name>
			<Path>./test</Path>
			<FullName>./test/TPMSTest</FullName>
			<FullCommandLine>C:\diplomna\TPMS\build\test\TPMSTest.exe</FullCommandLine>
			<Results>
				<NamedMeasurement type="numeric/double" name="Execution Time">
					<Value>0.160933</Value>
				</NamedMeasurement>
				<NamedMeasurement type="numeric/double" name="Processors">
					<Value>1</Value>
				</NamedMeasurement>
				<NamedMeasurement type="text/string" name="Completion Status">
					<Value>Completed</Value>
				</NamedMeasurement>
				<NamedMeasurement type="text/string" name="Command Line">
					<Value>C:\diplomna\TPMS\build\test\TPMSTest.exe</Value>
				</NamedMeasurement>
				<NamedMeasurement type="text/string" name="Environment">
					<Value>#CTEST_RESOURCE_GROUP_COUNT=</Value>
				</NamedMeasurement>
				<Measurement>
					<Value encoding="base64" compression="gzip">eJx1jLEKwjAYhPc8xY3tknQWHEQdhdK4FZEQawgk/1+S9P01VIoO3nJ3cN8NC5Enh2g8NS2eiSOOO/Xwc+BIRl37i1aO2YWpTLl8x5yscjXdKyytFeN+0w3D57lD3eT1ei3Ii3+7/AX+D5EMSTQdYkbhYkIrRqA/aH0+ARspxQuJ+EOM====</Value>
				</Measurement>
			</Results>
		</Test>
		<EndDateTime>May 16 20:50 E. Europe Daylight Time</EndDateTime>
		<EndTestTime>1715881828</EndTestTime>
		<ElapsedMinutes>0</ElapsedMinutes>
	</Testing>
</Site>
